# JRE version: OpenJDK Runtime Environment (8.0_152-b01) (build 1.8.0_152-release-915-b01)
# Java VM: OpenJDK 64-Bit Server VM (25.152-b01 mixed mode windows-amd64 compressed oops)
Heap:
 PSYoungGen      total 458752K, used 264223K [0x00000000e0000000, 0x00000000fff00000, 0x0000000100000000)
  eden space 452608K, 57% used [0x00000000e0000000,0x00000000efc67ea0,0x00000000fba00000)
  from space 6144K, 93% used [0x00000000fba00000,0x00000000fbfa0000,0x00000000fc000000)
  to   space 35328K, 0% used [0x00000000fdc80000,0x00000000fdc80000,0x00000000fff00000)
 ParOldGen       total 364032K, used 67306K [0x00000000a0000000, 0x00000000b6380000, 0x00000000e0000000)
  object space 364032K, 18% used [0x00000000a0000000,0x00000000a41baa78,0x00000000b6380000)
 Metaspace       used 94650K, capacity 100654K, committed 100756K, reserved 1136640K
  class space    used 11928K, capacity 13423K, committed 13460K, reserved 1048576K
GC Heap History (10 events):
Event: 144.173 GC heap before
{Heap before GC invocations=25 (full 3):
 PSYoungGen      total 484864K, used 459434K [0x00000000e0000000, 0x00000000fff80000, 0x0000000100000000)
  eden space 449536K, 99% used [0x00000000e0000000,0x00000000fb671510,0x00000000fb700000)
  from space 35328K, 29% used [0x00000000fb700000,0x00000000fc1394b8,0x00000000fd980000)
  to   space 35328K, 0% used [0x00000000fdd00000,0x00000000fdd00000,0x00000000fff80000)
 ParOldGen       total 264704K, used 88108K [0x00000000a0000000, 0x00000000b0280000, 0x00000000e0000000)
  object space 264704K, 33% used [0x00000000a0000000,0x00000000a560b3c8,0x00000000b0280000)
 Metaspace       used 92299K, capacity 96656K, committed 96788K, reserved 1132544K
  class space    used 11729K, capacity 12722K, committed 12820K, reserved 1048576K
Event: 144.177 GC heap after
Heap after GC invocations=25 (full 3):
 PSYoungGen      total 487936K, used 5849K [0x00000000e0000000, 0x0000000100000000, 0x0000000100000000)
  eden space 452608K, 0% used [0x00000000e0000000,0x00000000e0000000,0x00000000fba00000)
  from space 35328K, 16% used [0x00000000fdd00000,0x00000000fe2b6798,0x00000000fff80000)
  to   space 35840K, 0% used [0x00000000fba00000,0x00000000fba00000,0x00000000fdd00000)
 ParOldGen       total 264704K, used 88140K [0x00000000a0000000, 0x00000000b0280000, 0x00000000e0000000)
  object space 264704K, 33% used [0x00000000a0000000,0x00000000a56133c8,0x00000000b0280000)
 Metaspace       used 92299K, capacity 96656K, committed 96788K, reserved 1132544K
  class space    used 11729K, capacity 12722K, committed 12820K, reserved 1048576K
}
Event: 242.029 GC heap before
{Heap before GC invocations=26 (full 3):
 PSYoungGen      total 487936K, used 458457K [0x00000000e0000000, 0x0000000100000000, 0x0000000100000000)
  eden space 452608K, 100% used [0x00000000e0000000,0x00000000fba00000,0x00000000fba00000)
  from space 35328K, 16% used [0x00000000fdd00000,0x00000000fe2b6798,0x00000000fff80000)
  to   space 35840K, 0% used [0x00000000fba00000,0x00000000fba00000,0x00000000fdd00000)
 ParOldGen       total 264704K, used 88140K [0x00000000a0000000, 0x00000000b0280000, 0x00000000e0000000)
  object space 264704K, 33% used [0x00000000a0000000,0x00000000a56133c8,0x00000000b0280000)
 Metaspace       used 93352K, capacity 98188K, committed 98324K, reserved 1134592K
  class space    used 11819K, capacity 12966K, committed 13076K, reserved 1048576K
Event: 242.050 GC heap after
Heap after GC invocations=26 (full 3):
 PSYoungGen      total 488448K, used 5879K [0x00000000e0000000, 0x0000000100000000, 0x0000000100000000)
  eden space 452608K, 0% used [0x00000000e0000000,0x00000000e0000000,0x00000000fba00000)
  from space 35840K, 16% used [0x00000000fba00000,0x00000000fbfbdc78,0x00000000fdd00000)
  to   space 35840K, 0% used [0x00000000fdd00000,0x00000000fdd00000,0x0000000100000000)
 ParOldGen       total 264704K, used 88148K [0x00000000a0000000, 0x00000000b0280000, 0x00000000e0000000)
  object space 264704K, 33% used [0x00000000a0000000,0x00000000a56153c8,0x00000000b0280000)
 Metaspace       used 93352K, capacity 98188K, committed 98324K, reserved 1134592K
  class space    used 11819K, capacity 12966K, committed 13076K, reserved 1048576K
}
Event: 242.215 GC heap before
{Heap before GC invocations=27 (full 3):
 PSYoungGen      total 488448K, used 13179K [0x00000000e0000000, 0x0000000100000000, 0x0000000100000000)
  eden space 452608K, 1% used [0x00000000e0000000,0x00000000e07211a8,0x00000000fba00000)
  from space 35840K, 16% used [0x00000000fba00000,0x00000000fbfbdc78,0x00000000fdd00000)
  to   space 35840K, 0% used [0x00000000fdd00000,0x00000000fdd00000,0x0000000100000000)
 ParOldGen       total 264704K, used 88148K [0x00000000a0000000, 0x00000000b0280000, 0x00000000e0000000)
  object space 264704K, 33% used [0x00000000a0000000,0x00000000a56153c8,0x00000000b0280000)
 Metaspace       used 93374K, capacity 98188K, committed 98324K, reserved 1134592K
  class space    used 11822K, capacity 12966K, committed 13076K, reserved 1048576K
Event: 242.223 GC heap after
Heap after GC invocations=27 (full 3):
 PSYoungGen      total 488448K, used 5745K [0x00000000e0000000, 0x0000000100000000, 0x0000000100000000)
  eden space 452608K, 0% used [0x00000000e0000000,0x00000000e0000000,0x00000000fba00000)
  from space 35840K, 16% used [0x00000000fdd00000,0x00000000fe29c550,0x0000000100000000)
  to   space 35840K, 0% used [0x00000000fba00000,0x00000000fba00000,0x00000000fdd00000)
 ParOldGen       total 264704K, used 88156K [0x00000000a0000000, 0x00000000b0280000, 0x00000000e0000000)
  object space 264704K, 33% used [0x00000000a0000000,0x00000000a56173c8,0x00000000b0280000)
 Metaspace       used 93374K, capacity 98188K, committed 98324K, reserved 1134592K
  class space    used 11822K, capacity 12966K, committed 13076K, reserved 1048576K
}
Event: 242.223 GC heap before
{Heap before GC invocations=28 (full 4):
 PSYoungGen      total 488448K, used 5745K [0x00000000e0000000, 0x0000000100000000, 0x0000000100000000)
  eden space 452608K, 0% used [0x00000000e0000000,0x00000000e0000000,0x00000000fba00000)
  from space 35840K, 16% used [0x00000000fdd00000,0x00000000fe29c550,0x0000000100000000)
  to   space 35840K, 0% used [0x00000000fba00000,0x00000000fba00000,0x00000000fdd00000)
 ParOldGen       total 264704K, used 88156K [0x00000000a0000000, 0x00000000b0280000, 0x00000000e0000000)
  object space 264704K, 33% used [0x00000000a0000000,0x00000000a56173c8,0x00000000b0280000)
 Metaspace       used 93374K, capacity 98188K, committed 98324K, reserved 1134592K
  class space    used 11822K, capacity 12966K, committed 13076K, reserved 1048576K
Event: 242.454 GC heap after
Heap after GC invocations=28 (full 4):
 PSYoungGen      total 488448K, used 0K [0x00000000e0000000, 0x0000000100000000, 0x0000000100000000)
  eden space 452608K, 0% used [0x00000000e0000000,0x00000000e0000000,0x00000000fba00000)
  from space 35840K, 0% used [0x00000000fdd00000,0x00000000fdd00000,0x0000000100000000)
  to   space 35840K, 0% used [0x00000000fba00000,0x00000000fba00000,0x00000000fdd00000)
 ParOldGen       total 364032K, used 67298K [0x00000000a0000000, 0x00000000b6380000, 0x00000000e0000000)
  object space 364032K, 18% used [0x00000000a0000000,0x00000000a41b8a78,0x00000000b6380000)
 Metaspace       used 92746K, capacity 97282K, committed 98324K, reserved 1134592K
  class space    used 11718K, capacity 12781K, committed 13076K, reserved 1048576K
}
Event: 307.410 GC heap before
{Heap before GC invocations=29 (full 4):
 PSYoungGen      total 488448K, used 452608K [0x00000000e0000000, 0x0000000100000000, 0x0000000100000000)
  eden space 452608K, 100% used [0x00000000e0000000,0x00000000fba00000,0x00000000fba00000)
  from space 35840K, 0% used [0x00000000fdd00000,0x00000000fdd00000,0x0000000100000000)
  to   space 35840K, 0% used [0x00000000fba00000,0x00000000fba00000,0x00000000fdd00000)
 ParOldGen       total 364032K, used 67298K [0x00000000a0000000, 0x00000000b6380000, 0x00000000e0000000)
  object space 364032K, 18% used [0x00000000a0000000,0x00000000a41b8a78,0x00000000b6380000)
 Metaspace       used 94106K, capacity 99802K, committed 100116K, reserved 1136640K
  class space    used 11877K, capacity 13249K, committed 13332K, reserved 1048576K
Event: 307.416 GC heap after
Heap after GC invocations=29 (full 4):
 PSYoungGen      total 458752K, used 5760K [0x00000000e0000000, 0x00000000fff00000, 0x0000000100000000)
  eden space 452608K, 0% used [0x00000000e0000000,0x00000000e0000000,0x00000000fba00000)
  from space 6144K, 93% used [0x00000000fba00000,0x00000000fbfa0000,0x00000000fc000000)
  to   space 35328K, 0% used [0x00000000fdc80000,0x00000000fdc80000,0x00000000fff00000)
 ParOldGen       total 364032K, used 67306K [0x00000000a0000000, 0x00000000b6380000, 0x00000000e0000000)
  object space 364032K, 18% used [0x00000000a0000000,0x00000000a41baa78,0x00000000b6380000)
 Metaspace       used 94106K, capacity 99802K, committed 100116K, reserved 1136640K
  class space    used 11877K, capacity 13249K, committed 13332K, reserved 1048576K
}

